npm verbose cli C:\Program Files\nodejs\node.exe C:\Users\Revvo\AppData\Roaming\npm\node_modules\npm\bin\npm-cli.js
npm info using npm@10.8.1
npm info using node@v20.12.2
npm verbose title npm install
npm verbose argv "install" "--legacy-peer-deps" "--loglevel" "verbose"
npm verbose logfile logs-max:10 dir:C:\Users\Revvo\AppData\Local\npm-cache\_logs\2024-08-13T22_54_02_915Z-
npm verbose logfile C:\Users\Revvo\AppData\Local\npm-cache\_logs\2024-08-13T22_54_02_915Z-debug-0.log
npm http fetch GET 200 https://registry.npmjs.org/@faker-js%2ffaker 1228ms (cache revalidated)
npm http fetch GET 200 https://registry.npmjs.org/cypress-mochawesome-reporter 96ms (cache revalidated)
npm http fetch GET 200 https://registry.npmjs.org/browserstack-cypress-cli 634ms (cache revalidated)
npm http fetch GET 200 https://registry.npmjs.org/cypress 104ms (cache revalidated)
npm http fetch GET 200 https://registry.npmjs.org/async 143ms (cache revalidated)
npm http fetch GET 200 https://registry.npmjs.org/cli-progress 152ms (cache revalidated)
npm http fetch GET 200 https://registry.npmjs.org/archiver 201ms (cache revalidated)
npm http fetch GET 200 https://registry.npmjs.org/chalk 202ms (cache revalidated)
npm http fetch GET 200 https://registry.npmjs.org/fs-extra 211ms (cache revalidated)
npm http fetch GET 200 https://registry.npmjs.org/git-repo-info 80ms (cache revalidated)
npm http fetch GET 200 https://registry.npmjs.org/glob 77ms (cache revalidated)
npm http fetch GET 200 https://registry.npmjs.org/mkdirp 121ms (cache revalidated)
npm http fetch GET 200 https://registry.npmjs.org/mocha 152ms (cache revalidated)
npm http fetch GET 200 https://registry.npmjs.org/request 141ms (cache revalidated)
npm http fetch GET 200 https://registry.npmjs.org/requestretry 95ms (cache revalidated)
npm http fetch GET 200 https://registry.npmjs.org/table 72ms (cache revalidated)
npm http fetch GET 200 https://registry.npmjs.org/update-notifier 79ms (cache revalidated)
npm http fetch GET 200 https://registry.npmjs.org/uuid 86ms (cache revalidated)
npm http fetch GET 200 https://registry.npmjs.org/windows-release 78ms (cache revalidated)
npm http fetch GET 200 https://registry.npmjs.org/yargs 80ms (cache revalidated)
npm http fetch GET 200 https://registry.npmjs.org/browserstack-local 781ms (cache revalidated)
npm http fetch GET 200 https://registry.npmjs.org/git-last-commit 647ms (cache revalidated)
npm http fetch GET 200 https://registry.npmjs.org/winston 135ms (cache revalidated)
npm http fetch GET 200 https://registry.npmjs.org/tmp 61ms (cache revalidated)
npm http fetch GET 200 https://registry.npmjs.org/decompress 86ms (cache revalidated)
npm http fetch GET 200 https://registry.npmjs.org/arch 71ms (cache revalidated)
npm http fetch GET 200 https://registry.npmjs.org/getmac 870ms (cache revalidated)
npm http fetch GET 200 https://registry.npmjs.org/gitconfiglocal 698ms (cache revalidated)
npm http fetch GET 200 https://registry.npmjs.org/dayjs 82ms (cache revalidated)
npm http fetch GET 200 https://registry.npmjs.org/debug 122ms (cache revalidated)
npm http fetch GET 200 https://registry.npmjs.org/getos 113ms (cache revalidated)
npm http fetch GET 200 https://registry.npmjs.org/is-ci 106ms (cache revalidated)
npm http fetch GET 200 https://registry.npmjs.org/execa 134ms (cache revalidated)
npm http fetch GET 200 https://registry.npmjs.org/yauzl 116ms (cache revalidated)
npm http fetch GET 200 https://registry.npmjs.org/buffer 125ms (cache revalidated)
npm http fetch GET 200 https://registry.npmjs.org/node-ipc 753ms (cache revalidated)
npm http fetch GET 200 https://registry.npmjs.org/listr2 88ms (cache revalidated)
npm http fetch GET 200 https://registry.npmjs.org/lodash 91ms (cache revalidated)
npm http fetch GET 200 https://registry.npmjs.org/semver 91ms (cache revalidated)
npm http fetch GET 200 https://registry.npmjs.org/figures 92ms (cache revalidated)
npm http fetch GET 200 https://registry.npmjs.org/process 81ms (cache revalidated)
npm http fetch GET 200 https://registry.npmjs.org/ospath 141ms (cache revalidated)
npm http fetch GET 200 https://registry.npmjs.org/cachedir 81ms (cache revalidated)
npm http fetch GET 200 https://registry.npmjs.org/bluebird 113ms (cache revalidated)
npm http fetch GET 200 https://registry.npmjs.org/lazy-ass 83ms (cache revalidated)
npm http fetch GET 200 https://registry.npmjs.org/enquirer 118ms (cache revalidated)
npm http fetch GET 200 https://registry.npmjs.org/minimist 89ms (cache revalidated)
npm http fetch GET 200 https://registry.npmjs.org/cli-cursor 69ms (cache revalidated)
npm http fetch GET 200 https://registry.npmjs.org/untildify 82ms (cache revalidated)
npm http fetch GET 200 https://registry.npmjs.org/commander 104ms (cache revalidated)
npm http fetch GET 200 https://registry.npmjs.org/cli-table3 81ms (cache revalidated)
npm http fetch GET 200 https://registry.npmjs.org/executable 82ms (cache revalidated)
npm http fetch GET 200 https://registry.npmjs.org/common-tags 89ms (cache revalidated)
npm http fetch GET 200 https://registry.npmjs.org/extract-zip 88ms (cache revalidated)
npm http fetch GET 200 https://registry.npmjs.org/pretty-bytes 85ms (cache revalidated)
npm http fetch GET 200 https://registry.npmjs.org/log-symbols 111ms (cache revalidated)
npm http fetch GET 200 https://registry.npmjs.org/@types%2fsizzle 90ms (cache revalidated)
npm http fetch GET 200 https://registry.npmjs.org/eventemitter2 82ms (cache revalidated)
npm http fetch GET 200 https://registry.npmjs.org/proxy-from-env 64ms (cache revalidated)
npm http fetch GET 200 https://registry.npmjs.org/@cypress%2fxvfb 141ms (cache revalidated)
npm http fetch GET 200 https://registry.npmjs.org/supports-color 69ms (cache revalidated)
npm http fetch GET 200 https://registry.npmjs.org/is-installed-globally 74ms (cache revalidated)
npm http fetch GET 200 https://registry.npmjs.org/check-more-types 110ms (cache revalidated)
npm http fetch GET 200 https://registry.npmjs.org/request-progress 117ms (cache revalidated)
npm http fetch GET 200 https://registry.npmjs.org/mochawesome 98ms (cache revalidated)
npm http fetch GET 200 https://registry.npmjs.org/@types%2fsinonjs__fake-timers 108ms (cache revalidated)
npm http fetch GET 200 https://registry.npmjs.org/mochawesome-merge 90ms (cache revalidated)
npm http fetch GET 200 https://registry.npmjs.org/blob-util 732ms (cache revalidated)
npm http fetch GET 200 https://registry.npmjs.org/mochawesome-report-generator 689ms (cache revalidated)
npm http fetch GET 200 https://registry.npmjs.org/@cypress%2frequest 1660ms (cache revalidated)
npm http fetch GET 200 https://registry.npmjs.org/buffer-crc32 83ms (cache revalidated)
npm http fetch GET 200 https://registry.npmjs.org/archiver-utils 101ms (cache revalidated)
npm http fetch GET 200 https://registry.npmjs.org/zip-stream 100ms (cache revalidated)
npm http fetch GET 200 https://registry.npmjs.org/tar-stream 106ms (cache revalidated)
npm http fetch GET 200 https://registry.npmjs.org/readable-stream 123ms (cache revalidated)
npm http fetch GET 200 https://registry.npmjs.org/readdir-glob 144ms (cache revalidated)
npm http fetch GET 200 https://registry.npmjs.org/agent-base 85ms (cache revalidated)
npm http fetch GET 200 https://registry.npmjs.org/ps-tree 101ms (cache revalidated)
npm http fetch GET 200 https://registry.npmjs.org/ansi-styles 81ms (cache revalidated)
npm http fetch GET 200 https://registry.npmjs.org/string-width 84ms (cache revalidated)
npm http fetch GET 200 https://registry.npmjs.org/decompress-tarbz2 73ms (cache revalidated)
npm http fetch GET 200 https://registry.npmjs.org/decompress-targz 73ms (cache revalidated)
npm http fetch GET 200 https://registry.npmjs.org/decompress-tar 107ms (cache revalidated)
npm http fetch GET 200 https://registry.npmjs.org/decompress-unzip 75ms (cache revalidated)
npm http fetch GET 200 https://registry.npmjs.org/make-dir 61ms (cache revalidated)
npm http fetch GET 200 https://registry.npmjs.org/graceful-fs 79ms (cache revalidated)
npm http fetch GET 200 https://registry.npmjs.org/pify 63ms (cache revalidated)
npm http fetch GET 200 https://registry.npmjs.org/graceful-fs 75ms (cache revalidated)
npm http fetch GET 200 https://registry.npmjs.org/universalify 59ms (cache revalidated)
npm http fetch GET 200 https://registry.npmjs.org/jsonfile 72ms (cache revalidated)
npm http fetch GET 200 https://registry.npmjs.org/once 67ms (cache revalidated)
npm http fetch GET 200 https://registry.npmjs.org/ini 74ms (cache revalidated)
npm http fetch GET 200 https://registry.npmjs.org/@types%2fnode 127ms (cache revalidated)
npm http fetch GET 200 https://registry.npmjs.org/inflight 170ms (cache revalidated)
npm http fetch GET 200 https://registry.npmjs.org/inherits 166ms (cache revalidated)
npm http fetch GET 200 https://registry.npmjs.org/strip-dirs 367ms (cache revalidated)
npm http fetch GET 200 https://registry.npmjs.org/https-proxy-agent 698ms (cache revalidated)
npm http fetch GET 200 https://registry.npmjs.org/fs.realpath 70ms (cache revalidated)
npm http fetch GET 200 https://registry.npmjs.org/path-is-absolute 71ms (cache revalidated)
npm http fetch GET 200 https://registry.npmjs.org/is-running 676ms (cache revalidated)
npm http fetch GET 200 https://registry.npmjs.org/minimatch 105ms (cache revalidated)
npm http fetch GET 200 https://registry.npmjs.org/temp-fs 675ms (cache revalidated)
npm http fetch GET 200 https://registry.npmjs.org/ansi-colors 117ms (cache revalidated)
npm http fetch GET 200 https://registry.npmjs.org/browser-stdout 93ms (cache revalidated)
npm http fetch GET 200 https://registry.npmjs.org/chokidar 75ms (cache revalidated)
npm http fetch GET 200 https://registry.npmjs.org/find-up 66ms (cache revalidated)
npm http fetch GET 200 https://registry.npmjs.org/escape-string-regexp 86ms (cache revalidated)
npm http fetch GET 200 https://registry.npmjs.org/diff 105ms (cache revalidated)
npm http fetch GET 200 https://registry.npmjs.org/he 90ms (cache revalidated)
npm http fetch GET 200 https://registry.npmjs.org/yargs 20ms (cache hit)
npm http fetch GET 200 https://registry.npmjs.org/js-yaml 99ms (cache revalidated)
npm http fetch GET 200 https://registry.npmjs.org/ms 97ms (cache revalidated)
npm http fetch GET 200 https://registry.npmjs.org/serialize-javascript 78ms (cache revalidated)
npm http fetch GET 200 https://registry.npmjs.org/strip-json-comments 89ms (cache revalidated)
npm http fetch GET 200 https://registry.npmjs.org/workerpool 105ms (cache revalidated)
npm http fetch GET 200 https://registry.npmjs.org/yargs-parser 90ms (cache revalidated)
npm http fetch GET 200 https://registry.npmjs.org/event-pubsub 84ms (cache revalidated)
npm http fetch GET 200 https://registry.npmjs.org/qs 59ms (cache revalidated)
npm http fetch GET 200 https://registry.npmjs.org/js-message 96ms (cache revalidated)
npm http fetch GET 200 https://registry.npmjs.org/yargs-unparser 121ms (cache revalidated)
npm http fetch GET 200 https://registry.npmjs.org/aws4 83ms (cache revalidated)
npm http fetch GET 200 https://registry.npmjs.org/extend 74ms (cache revalidated)
npm http fetch GET 200 https://registry.npmjs.org/isstream 65ms (cache revalidated)
npm http fetch GET 200 https://registry.npmjs.org/caseless 76ms (cache revalidated)
npm http fetch GET 200 https://registry.npmjs.org/form-data 77ms (cache revalidated)
npm http fetch GET 200 https://registry.npmjs.org/mime-types 78ms (cache revalidated)
npm http fetch GET 200 https://registry.npmjs.org/tough-cookie 60ms (cache revalidated)
npm http fetch GET 200 https://registry.npmjs.org/safe-buffer 77ms (cache revalidated)
npm http fetch GET 200 https://registry.npmjs.org/oauth-sign 99ms (cache revalidated)
npm http fetch GET 200 https://registry.npmjs.org/tunnel-agent 87ms (cache revalidated)
npm http fetch GET 200 https://registry.npmjs.org/har-validator 81ms (cache revalidated)
npm http fetch GET 200 https://registry.npmjs.org/forever-agent 93ms (cache revalidated)
npm http fetch GET 200 https://registry.npmjs.org/is-typedarray 82ms (cache revalidated)
npm http fetch GET 200 https://registry.npmjs.org/combined-stream 64ms (cache revalidated)
npm http fetch GET 200 https://registry.npmjs.org/http-signature 105ms (cache revalidated)
npm http fetch GET 200 https://registry.npmjs.org/performance-now 79ms (cache revalidated)
npm http fetch GET 200 https://registry.npmjs.org/ajv 72ms (cache revalidated)
npm http fetch GET 200 https://registry.npmjs.org/pupa 66ms (cache revalidated)
npm http fetch GET 200 https://registry.npmjs.org/slice-ansi 95ms (cache revalidated)
npm http fetch GET 200 https://registry.npmjs.org/json-stringify-safe 127ms (cache revalidated)
npm http fetch GET 200 https://registry.npmjs.org/is-npm 98ms (cache revalidated)
npm http fetch GET 200 https://registry.npmjs.org/boxen 123ms (cache revalidated)
npm http fetch GET 200 https://registry.npmjs.org/configstore 122ms (cache revalidated)
npm http fetch GET 200 https://registry.npmjs.org/import-lazy 131ms (cache revalidated)
npm http fetch GET 200 https://registry.npmjs.org/xdg-basedir 61ms (cache revalidated)
npm http fetch GET 200 https://registry.npmjs.org/semver-diff 73ms (cache revalidated)
npm http fetch GET 200 https://registry.npmjs.org/eyes 79ms (cache revalidated)
npm http fetch GET 200 https://registry.npmjs.org/colors 79ms (cache revalidated)
npm http fetch GET 200 https://registry.npmjs.org/latest-version 165ms (cache revalidated)
npm http fetch GET 200 https://registry.npmjs.org/cycle 157ms (cache revalidated)
npm http fetch GET 200 https://registry.npmjs.org/js-queue 741ms (cache revalidated)
npm http fetch GET 200 https://registry.npmjs.org/y18n 114ms (cache revalidated)
npm http fetch GET 200 https://registry.npmjs.org/stack-trace 140ms (cache revalidated)
npm http fetch GET 200 https://registry.npmjs.org/cliui 76ms (cache revalidated)
npm http fetch GET 200 https://registry.npmjs.org/aws-sign2 721ms (cache revalidated)
npm http fetch GET 200 https://registry.npmjs.org/set-blocking 88ms (cache revalidated)
npm http fetch GET 200 https://registry.npmjs.org/which-module 78ms (cache revalidated)
npm http fetch GET 200 https://registry.npmjs.org/get-caller-file 74ms (cache revalidated)
npm http fetch GET 200 https://registry.npmjs.org/decamelize 140ms (cache revalidated)
npm http fetch GET 200 https://registry.npmjs.org/require-directory 143ms (cache revalidated)
npm http fetch GET 200 https://registry.npmjs.org/require-main-filename 136ms (cache revalidated)
npm http fetch GET 200 https://registry.npmjs.org/is-in-ci 756ms (cache revalidated)
npm http fetch GET 200 https://registry.npmjs.org/lazystream 84ms (cache revalidated)
npm http fetch GET 200 https://registry.npmjs.org/lodash.difference 88ms (cache revalidated)
npm http fetch GET 200 https://registry.npmjs.org/lodash.defaults 96ms (cache revalidated)
npm http fetch GET 200 https://registry.npmjs.org/normalize-path 106ms (cache revalidated)
npm http fetch GET 200 https://registry.npmjs.org/lodash.flatten 124ms (cache revalidated)
npm http fetch GET 200 https://registry.npmjs.org/lodash.isplainobject 132ms (cache revalidated)
npm http fetch GET 200 https://registry.npmjs.org/lodash.union 143ms (cache revalidated)
npm http fetch GET 200 https://registry.npmjs.org/string_decoder 65ms (cache revalidated)
npm http fetch GET 200 https://registry.npmjs.org/util-deprecate 121ms (cache revalidated)
npm http fetch GET 200 https://registry.npmjs.org/end-of-stream 102ms (cache revalidated)
npm http fetch GET 200 https://registry.npmjs.org/fs-constants 87ms (cache revalidated)
npm http fetch GET 200 https://registry.npmjs.org/bl 119ms (cache revalidated)
npm http fetch GET 200 https://registry.npmjs.org/compress-commons 124ms (cache revalidated)
npm http fetch GET 200 https://registry.npmjs.org/core-util-is 64ms (cache revalidated)
npm http fetch GET 200 https://registry.npmjs.org/isarray 69ms (cache revalidated)
npm http fetch GET 200 https://registry.npmjs.org/process-nextick-args 72ms (cache revalidated)
npm http fetch GET 200 https://registry.npmjs.org/rimraf 62ms (cache revalidated)
npm http fetch GET 200 https://registry.npmjs.org/event-stream 124ms (cache revalidated)
npm http fetch GET 200 https://registry.npmjs.org/color-convert 76ms (cache revalidated)
npm http fetch GET 200 https://registry.npmjs.org/has-flag 109ms (cache revalidated)
npm http fetch GET 200 https://registry.npmjs.org/color-name 78ms (cache revalidated)
npm http fetch GET 200 https://registry.npmjs.org/emoji-regex 66ms (cache revalidated)
npm http fetch GET 200 https://registry.npmjs.org/is-fullwidth-code-point 73ms (cache revalidated)
npm http fetch GET 200 https://registry.npmjs.org/strip-ansi 95ms (cache revalidated)
npm http fetch GET 200 https://registry.npmjs.org/ieee754 70ms (cache revalidated)
npm http fetch GET 200 https://registry.npmjs.org/base64-js 81ms (cache revalidated)
npm http fetch GET 200 https://registry.npmjs.org/onetime 82ms (cache revalidated)
npm http fetch GET 200 https://registry.npmjs.org/restore-cursor 90ms (cache revalidated)
npm http fetch GET 200 https://registry.npmjs.org/is-stream 97ms (cache revalidated)
npm http fetch GET 200 https://registry.npmjs.org/lodash.once 111ms (cache revalidated)
npm http fetch GET 200 https://registry.npmjs.org/get-stream 60ms (cache revalidated)
npm http fetch GET 200 https://registry.npmjs.org/npm-run-path 54ms (cache revalidated)
npm http fetch GET 200 https://registry.npmjs.org/merge-stream 77ms (cache revalidated)
npm http fetch GET 200 https://registry.npmjs.org/cross-spawn 92ms (cache revalidated)
npm http fetch GET 200 https://registry.npmjs.org/signal-exit 105ms (cache revalidated)
npm http fetch GET 200 https://registry.npmjs.org/human-signals 83ms (cache revalidated)
npm http fetch GET 200 https://registry.npmjs.org/strip-final-newline 70ms (cache revalidated)
npm http fetch GET 200 https://registry.npmjs.org/@types%2fyauzl 85ms (cache revalidated)
npm http fetch GET 200 https://registry.npmjs.org/at-least-node 80ms (cache revalidated)
npm http fetch GET 200 https://registry.npmjs.org/global-dirs 76ms (cache revalidated)
npm http fetch GET 200 https://registry.npmjs.org/is-path-inside 86ms (cache revalidated)
npm http fetch GET 200 https://registry.npmjs.org/ci-info 107ms (cache revalidated)
npm http fetch GET 200 https://registry.npmjs.org/rfdc 82ms (cache revalidated)
npm http fetch GET 200 https://registry.npmjs.org/rxjs 68ms (cache revalidated)
npm http fetch GET 200 https://registry.npmjs.org/p-map 77ms (cache revalidated)
npm http fetch GET 200 https://registry.npmjs.org/through 87ms (cache revalidated)
npm http fetch GET 200 https://registry.npmjs.org/log-update 77ms (cache revalidated)
npm http fetch GET 200 https://registry.npmjs.org/wrap-ansi 96ms (cache revalidated)
npm http fetch GET 200 https://registry.npmjs.org/cli-truncate 66ms (cache revalidated)
npm http fetch GET 200 https://registry.npmjs.org/is-unicode-supported 61ms (cache revalidated)
npm http fetch GET 200 https://registry.npmjs.org/colorette 116ms (cache revalidated)
npm http fetch GET 200 https://registry.npmjs.org/fd-slicer 56ms (cache revalidated)
npm http fetch GET 200 https://registry.npmjs.org/throttleit 74ms (cache revalidated)
npm http fetch GET 200 https://registry.npmjs.org/@colors%2fcolors 723ms (cache revalidated)
npm http fetch GET 200 https://registry.npmjs.org/mime-db 78ms (cache revalidated)
npm http fetch GET 200 https://registry.npmjs.org/delayed-stream 91ms (cache revalidated)
npm http fetch GET 200 https://registry.npmjs.org/asynckit 90ms (cache revalidated)
npm http fetch GET 200 https://registry.npmjs.org/jsprim 89ms (cache revalidated)
npm http fetch GET 200 https://registry.npmjs.org/assert-plus 101ms (cache revalidated)
npm http fetch GET 200 https://registry.npmjs.org/side-channel 96ms (cache revalidated)
npm http fetch GET 200 https://registry.npmjs.org/sshpk 102ms (cache revalidated)
npm http fetch GET 200 https://registry.npmjs.org/psl 66ms (cache revalidated)
npm http fetch GET 200 https://registry.npmjs.org/punycode 73ms (cache revalidated)
npm http fetch GET 200 https://registry.npmjs.org/url-parse 73ms (cache revalidated)
npm http fetch GET 200 https://registry.npmjs.org/yargs 33ms (cache hit)
npm http fetch GET 200 https://registry.npmjs.org/lodash.isstring 82ms (cache revalidated)
npm http fetch GET 200 https://registry.npmjs.org/lodash.isobject 85ms (cache revalidated)
npm http fetch GET 200 https://registry.npmjs.org/lodash.isfunction 107ms (cache revalidated)
npm http fetch GET 200 https://registry.npmjs.org/escape-html 97ms (cache revalidated)
npm http fetch GET 200 https://registry.npmjs.org/fsu 80ms (cache revalidated)
npm http fetch GET 200 https://registry.npmjs.org/dateformat 141ms (cache revalidated)
npm http fetch GET 200 https://registry.npmjs.org/prop-types 62ms (cache revalidated)
npm http fetch GET 200 https://registry.npmjs.org/lodash.isfunction 89ms (cache revalidated)
npm http fetch GET 200 https://registry.npmjs.org/yargs 13ms (cache hit)
npm http fetch GET 200 https://registry.npmjs.org/tcomb-validation 70ms (cache revalidated)
npm http fetch GET 200 https://registry.npmjs.org/tcomb 93ms (cache revalidated)
npm http fetch GET 200 https://registry.npmjs.org/opener 137ms (cache revalidated)
npm http fetch GET 200 https://registry.npmjs.org/validator 75ms (cache revalidated)
npm http fetch GET 200 https://registry.npmjs.org/lodash.isempty 701ms (cache revalidated)
npm http fetch GET 200 https://registry.npmjs.org/file-type 112ms (cache revalidated)
npm http fetch GET 200 https://registry.npmjs.org/unbzip2-stream 121ms (cache revalidated)
npm http fetch GET 200 https://registry.npmjs.org/file-type 129ms (cache revalidated)
npm http fetch GET 200 https://registry.npmjs.org/file-type 139ms (cache revalidated)
npm http fetch GET 200 https://registry.npmjs.org/file-type 146ms (cache revalidated)
npm http fetch GET 200 https://registry.npmjs.org/seek-bzip 183ms (cache revalidated)
npm http fetch GET 200 https://registry.npmjs.org/is-natural-number 697ms (cache revalidated)
npm http fetch GET 200 https://registry.npmjs.org/buffer-alloc 71ms (cache revalidated)
npm http fetch GET 200 https://registry.npmjs.org/xtend 71ms (cache revalidated)
npm http fetch GET 200 https://registry.npmjs.org/to-buffer 719ms (cache revalidated)
npm http fetch GET 200 https://registry.npmjs.org/pinkie-promise 72ms (cache revalidated)
npm http fetch GET 200 https://registry.npmjs.org/object-assign 74ms (cache revalidated)
npm http fetch GET 200 https://registry.npmjs.org/ansi-regex 64ms (cache revalidated)
npm http fetch GET 200 https://registry.npmjs.org/path-key 74ms (cache revalidated)
npm http fetch GET 200 https://registry.npmjs.org/mimic-fn 82ms (cache revalidated)
npm http fetch GET 200 https://registry.npmjs.org/shebang-command 85ms (cache revalidated)
npm http fetch GET 200 https://registry.npmjs.org/pump 86ms (cache revalidated)
npm http fetch GET 200 https://registry.npmjs.org/which 108ms (cache revalidated)
npm http fetch GET 200 https://registry.npmjs.org/path-key 117ms (cache revalidated)
npm http fetch GET 200 https://registry.npmjs.org/shebang-regex 101ms (cache revalidated)
npm http fetch GET 200 https://registry.npmjs.org/isexe 102ms (cache revalidated)
npm http fetch GET 200 https://registry.npmjs.org/@types%2fnode 34ms (cache hit)
npm http fetch GET 200 https://registry.npmjs.org/undici-types 112ms (cache revalidated)
npm http fetch GET 200 https://registry.npmjs.org/pinkie 75ms (cache revalidated)
npm http fetch GET 200 https://registry.npmjs.org/brace-expansion 117ms (cache revalidated)
npm http fetch GET 200 https://registry.npmjs.org/wrappy 123ms (cache revalidated)
npm http fetch GET 200 https://registry.npmjs.org/wrappy 136ms (cache revalidated)
npm http fetch GET 200 https://registry.npmjs.org/dashdash 64ms (cache revalidated)
npm http fetch GET 200 https://registry.npmjs.org/json-schema 74ms (cache revalidated)
npm http fetch GET 200 https://registry.npmjs.org/asn1 75ms (cache revalidated)
npm http fetch GET 200 https://registry.npmjs.org/safer-buffer 78ms (cache revalidated)
npm http fetch GET 200 https://registry.npmjs.org/verror 95ms (cache revalidated)
npm http fetch GET 200 https://registry.npmjs.org/extsprintf 138ms (cache revalidated)
npm http fetch GET 200 https://registry.npmjs.org/jsbn 70ms (cache revalidated)
npm http fetch GET 200 https://registry.npmjs.org/getpass 162ms (cache revalidated)
npm http fetch GET 200 https://registry.npmjs.org/tweetnacl 123ms (cache revalidated)
npm http fetch GET 200 https://registry.npmjs.org/bcrypt-pbkdf 154ms (cache revalidated)
npm http fetch GET 200 https://registry.npmjs.org/ecc-jsbn 171ms (cache revalidated)
npm http fetch GET 200 https://registry.npmjs.org/aggregate-error 88ms (cache revalidated)
npm http fetch GET 200 https://registry.npmjs.org/tslib 91ms (cache revalidated)
npm http fetch GET 200 https://registry.npmjs.org/ansi-escapes 107ms (cache revalidated)
npm http fetch GET 200 https://registry.npmjs.org/astral-regex 65ms (cache revalidated)
npm http fetch GET 200 https://registry.npmjs.org/type-fest 60ms (cache revalidated)
npm http fetch GET 200 https://registry.npmjs.org/concat-map 63ms (cache revalidated)
npm http fetch GET 200 https://registry.npmjs.org/balanced-match 121ms (cache revalidated)
npm http fetch GET 200 https://registry.npmjs.org/braces 68ms (cache revalidated)
npm http fetch GET 200 https://registry.npmjs.org/is-glob 74ms (cache revalidated)
npm http fetch GET 200 https://registry.npmjs.org/glob-parent 81ms (cache revalidated)
npm http fetch GET 200 https://registry.npmjs.org/is-binary-path 87ms (cache revalidated)
npm http fetch GET 200 https://registry.npmjs.org/anymatch 108ms (cache revalidated)
npm http fetch GET 200 https://registry.npmjs.org/readdirp 109ms (cache revalidated)
npm http fetch GET 200 https://registry.npmjs.org/fsevents 114ms (cache revalidated)
npm http fetch GET 200 https://registry.npmjs.org/path-exists 97ms (cache revalidated)
npm http fetch GET 200 https://registry.npmjs.org/randombytes 92ms (cache revalidated)
npm http fetch GET 200 https://registry.npmjs.org/camelcase 78ms (cache revalidated)
npm http fetch GET 200 https://registry.npmjs.org/locate-path 128ms (cache revalidated)
npm http fetch GET 200 https://registry.npmjs.org/flat 81ms (cache revalidated)
npm http fetch GET 200 https://registry.npmjs.org/argparse 122ms (cache revalidated)
npm http fetch GET 200 https://registry.npmjs.org/escalade 106ms (cache revalidated)
npm http fetch GET 200 https://registry.npmjs.org/is-plain-obj 107ms (cache revalidated)
npm http fetch GET 200 https://registry.npmjs.org/fill-range 83ms (cache revalidated)
npm http fetch GET 200 https://registry.npmjs.org/binary-extensions 86ms (cache revalidated)
npm http fetch GET 200 https://registry.npmjs.org/picomatch 90ms (cache revalidated)
npm http fetch GET 200 https://registry.npmjs.org/picomatch 97ms (cache revalidated)
npm http fetch GET 200 https://registry.npmjs.org/is-extglob 102ms (cache revalidated)
npm http fetch GET 200 https://registry.npmjs.org/to-regex-range 54ms (cache revalidated)
npm http fetch GET 200 https://registry.npmjs.org/is-number 57ms (cache revalidated)
npm http fetch GET 200 https://registry.npmjs.org/p-locate 117ms (cache revalidated)
npm http fetch GET 200 https://registry.npmjs.org/p-limit 63ms (cache revalidated)
npm http fetch GET 200 https://registry.npmjs.org/loose-envify 67ms (cache revalidated)
npm http fetch GET 200 https://registry.npmjs.org/react-is 91ms (cache revalidated)
npm http fetch GET 200 https://registry.npmjs.org/easy-stack 651ms (cache revalidated)
npm http fetch GET 200 https://registry.npmjs.org/yocto-queue 85ms (cache revalidated)
npm http fetch GET 200 https://registry.npmjs.org/indent-string 60ms (cache revalidated)
npm http fetch GET 200 https://registry.npmjs.org/clean-stack 63ms (cache revalidated)
npm http fetch GET 200 https://registry.npmjs.org/js-tokens 57ms (cache revalidated)
npm http fetch GET 200 https://registry.npmjs.org/from 53ms (cache revalidated)
npm http fetch GET 200 https://registry.npmjs.org/duplexer 64ms (cache revalidated)
npm http fetch GET 200 https://registry.npmjs.org/split 63ms (cache revalidated)
npm http fetch GET 200 https://registry.npmjs.org/stream-combiner 93ms (cache revalidated)
npm http fetch GET 200 https://registry.npmjs.org/map-stream 130ms (cache revalidated)
npm http fetch GET 200 https://registry.npmjs.org/pause-stream 135ms (cache revalidated)
npm http fetch GET 200 https://registry.npmjs.org/es-errors 54ms (cache revalidated)
npm http fetch GET 200 https://registry.npmjs.org/call-bind 76ms (cache revalidated)
npm http fetch GET 200 https://registry.npmjs.org/get-intrinsic 77ms (cache revalidated)
npm http fetch GET 200 https://registry.npmjs.org/object-inspect 91ms (cache revalidated)
npm http fetch GET 200 https://registry.npmjs.org/ajv 22ms (cache hit)
npm http fetch GET 200 https://registry.npmjs.org/har-schema 95ms (cache revalidated)
npm http fetch GET 200 https://registry.npmjs.org/json-schema-traverse 71ms (cache revalidated)
npm http fetch GET 200 https://registry.npmjs.org/fast-json-stable-stringify 75ms (cache revalidated)
npm http fetch GET 200 https://registry.npmjs.org/fast-deep-equal 81ms (cache revalidated)
npm http fetch GET 200 https://registry.npmjs.org/uri-js 84ms (cache revalidated)
npm http fetch GET 200 https://registry.npmjs.org/function-bind 71ms (cache revalidated)
npm http fetch GET 200 https://registry.npmjs.org/hasown 66ms (cache revalidated)
npm http fetch GET 200 https://registry.npmjs.org/es-define-property 76ms (cache revalidated)
npm http fetch GET 200 https://registry.npmjs.org/has-symbols 72ms (cache revalidated)
npm http fetch GET 200 https://registry.npmjs.org/has-proto 83ms (cache revalidated)
npm http fetch GET 200 https://registry.npmjs.org/set-function-length 86ms (cache revalidated)
npm http fetch GET 200 https://registry.npmjs.org/function-bind 92ms (cache revalidated)
npm http fetch GET 200 https://registry.npmjs.org/define-data-property 60ms (cache revalidated)
npm http fetch GET 200 https://registry.npmjs.org/has-property-descriptors 62ms (cache revalidated)
npm http fetch GET 200 https://registry.npmjs.org/gopd 67ms (cache revalidated)
npm http fetch GET 200 https://registry.npmjs.org/querystringify 64ms (cache revalidated)
npm http fetch GET 200 https://registry.npmjs.org/requires-port 102ms (cache revalidated)
npm http fetch GET 200 https://registry.npmjs.org/dot-prop 71ms (cache revalidated)
npm http fetch GET 200 https://registry.npmjs.org/package-json 69ms (cache revalidated)
npm http fetch GET 200 https://registry.npmjs.org/widest-line 85ms (cache revalidated)
npm http fetch GET 200 https://registry.npmjs.org/ansi-align 87ms (cache revalidated)
npm http fetch GET 200 https://registry.npmjs.org/cli-boxes 96ms (cache revalidated)
npm http fetch GET 200 https://registry.npmjs.org/unique-string 90ms (cache revalidated)
npm http fetch GET 200 https://registry.npmjs.org/write-file-atomic 93ms (cache revalidated)
npm http fetch GET 200 https://registry.npmjs.org/escape-goat 58ms (cache revalidated)
npm http fetch GET 200 https://registry.npmjs.org/eastasianwidth 65ms (cache revalidated)
npm http fetch GET 200 https://registry.npmjs.org/is-obj 52ms (cache revalidated)
npm http fetch GET 200 https://registry.npmjs.org/imurmurhash 57ms (cache revalidated)
npm http fetch GET 200 https://registry.npmjs.org/crypto-random-string 64ms (cache revalidated)
npm http fetch GET 200 https://registry.npmjs.org/typedarray-to-buffer 79ms (cache revalidated)
npm http fetch GET 200 https://registry.npmjs.org/registry-url 51ms (cache revalidated)
npm http fetch GET 200 https://registry.npmjs.org/got 61ms (cache revalidated)
npm http fetch GET 200 https://registry.npmjs.org/registry-auth-token 73ms (cache revalidated)
npm http fetch GET 200 https://registry.npmjs.org/p-cancelable 63ms (cache revalidated)
npm http fetch GET 200 https://registry.npmjs.org/cacheable-lookup 70ms (cache revalidated)
npm http fetch GET 200 https://registry.npmjs.org/lowercase-keys 75ms (cache revalidated)
npm http fetch GET 200 https://registry.npmjs.org/http2-wrapper 78ms (cache revalidated)
npm http fetch GET 200 https://registry.npmjs.org/responselike 92ms (cache revalidated)
npm http fetch GET 200 https://registry.npmjs.org/cacheable-request 92ms (cache revalidated)
npm http fetch GET 200 https://registry.npmjs.org/@sindresorhus%2fis 115ms (cache revalidated)
npm http fetch GET 200 https://registry.npmjs.org/form-data-encoder 98ms (cache revalidated)
npm http fetch GET 200 https://registry.npmjs.org/decompress-response 91ms (cache revalidated)
npm http fetch GET 200 https://registry.npmjs.org/rc 72ms (cache revalidated)
npm http fetch GET 200 https://registry.npmjs.org/@szmarczak%2fhttp-timer 108ms (cache revalidated)
npm http fetch GET 200 https://registry.npmjs.org/@pnpm%2fnpm-conf 914ms (cache revalidated)
npm http fetch GET 200 https://registry.npmjs.org/http-cache-semantics 93ms (cache revalidated)
npm http fetch GET 200 https://registry.npmjs.org/mimic-response 95ms (cache revalidated)
npm http fetch GET 200 https://registry.npmjs.org/defer-to-connect 133ms (cache revalidated)
npm http fetch GET 200 https://registry.npmjs.org/normalize-url 135ms (cache revalidated)
npm http fetch GET 200 https://registry.npmjs.org/mimic-response 138ms (cache revalidated)
npm http fetch GET 200 https://registry.npmjs.org/keyv 142ms (cache revalidated)
npm http fetch GET 200 https://registry.npmjs.org/@types%2fhttp-cache-semantics 156ms (cache revalidated)
npm http fetch GET 200 https://registry.npmjs.org/resolve-alpn 61ms (cache revalidated)
npm http fetch GET 200 https://registry.npmjs.org/quick-lru 92ms (cache revalidated)
npm http fetch GET 200 https://registry.npmjs.org/json-buffer 111ms (cache revalidated)
npm http fetch GET 200 https://registry.npmjs.org/config-chain 78ms (cache revalidated)
npm http fetch GET 200 https://registry.npmjs.org/@pnpm%2fnetwork.ca-file 353ms (cache revalidated)
npm http fetch GET 200 https://registry.npmjs.org/@pnpm%2fconfig.env-replace 490ms (cache revalidated)
npm http fetch GET 200 https://registry.npmjs.org/proto-list 85ms (cache revalidated)
npm http fetch GET 200 https://registry.npmjs.org/deep-extend 82ms (cache revalidated)
npm http fetch GET 200 https://registry.npmjs.org/pend 84ms (cache revalidated)
npm http fetch GET 200 https://registry.npmjs.org/crc32-stream 88ms (cache revalidated)
npm http fetch GET 200 https://registry.npmjs.org/crc-32 80ms (cache revalidated)
npm http fetch GET 200 https://registry.npmjs.org/buffer-fill 81ms (cache revalidated)
npm http fetch GET 200 https://registry.npmjs.org/buffer-alloc-unsafe 90ms (cache revalidated)
npm http fetch GET 200 https://registry.npmjs.org/p-try 64ms (cache revalidated)
npm verbose reify failed optional dependency C:\Projets\automacao-web-pgats\tmpBstackPackages\node_modules\fsevents
npm http fetch POST 200 https://registry.npmjs.org/-/npm/v1/security/advisories/bulk 1031ms
npm warn deprecated inflight@1.0.6: This module is not supported, and leaks memory. Do not use it. Check out lru-cache if you want a good and tested way to coalesce async requests by a key value, which is much more comprehensive and powerful.
npm warn deprecated rimraf@2.5.4: Rimraf versions prior to v4 are no longer supported
npm warn deprecated har-validator@5.1.5: this library is no longer supported
npm warn deprecated glob@7.2.3: Glob versions prior to v9 are no longer supported
npm warn deprecated glob@8.1.0: Glob versions prior to v9 are no longer supported
npm http fetch GET 200 https://registry.npmjs.org/tough-cookie 887ms (cache revalidated)
npm http fetch GET 200 https://registry.npmjs.org/request 894ms (cache revalidated)
npm warn deprecated uuid@3.4.0: Please upgrade  to version 7 or higher.  Older versions may use Math.random() in certain circumstances, which is known to be problematic.  See https://v8.dev/blog/math-random for details.
npm warn deprecated request@2.88.2: request has been deprecated, see https://github.com/request/request/issues/3142
npm http fetch GET 200 https://registry.npmjs.org/browserstack-cypress-cli 1048ms (cache revalidated)
npm info run cypress@13.13.2 postinstall node_modules/cypress node index.js --exec install
npm info run cypress@13.13.2 postinstall { code: 0, signal: null }

added 501 packages, and audited 502 packages in 45s

96 packages are looking for funding
  run `npm fund` for details

3 moderate severity vulnerabilities

To address all issues (including breaking changes), run:
  npm audit fix --force

Run `npm audit` for details.
npm verbose cwd C:\Projets\automacao-web-pgats\tmpBstackPackages
npm verbose os Windows_NT 10.0.22631
npm verbose node v20.12.2
npm verbose npm  v10.8.1
npm verbose exit 0
npm info ok
